<?xml version="1.0" encoding="UTF-8"?>
<!-- Generated by org.testng.reporters.JUnitReportReporter -->
<testsuite hostname="Bonamoni-PC" failures="0" tests="1" name="rahulshettyacademy.HomePageTests" time="21.654" errors="0" timestamp="19 Feb 2020 16:53:02 GMT">
  <testcase classname="rahulshettyacademy.HomePageTests" name="ClickingPractiseProjects" time="21.654"/>
</testsuite> <!-- rahulshettyacademy.HomePageTests -->
